\BOOKMARK [0][-]{chapter.1}{\376\377\000D\000o\000c\000u\000m\000e\000n\000t\000a\000c\000i\000\363\000n\000\040\000d\000e\000\040\000l\000a\000\040\000a\000p\000p\000\040\000A\000r\000c\000h\000i\000v\000a\000r}{}% 1
\BOOKMARK [1][-]{section.1.1}{\376\377\000M\000o\000d\000e\000l\000o\000s}{chapter.1}% 2
\BOOKMARK [1][-]{section.1.2}{\376\377\000V\000i\000s\000t\000a\000s}{chapter.1}% 3
\BOOKMARK [1][-]{section.1.3}{\376\377\000F\000o\000r\000m\000u\000l\000a\000r\000i\000o\000s}{chapter.1}% 4
\BOOKMARK [1][-]{section.1.4}{\376\377\000M\000i\000x\000i\000n\000s}{chapter.1}% 5
\BOOKMARK [0][-]{chapter.2}{\376\377\000D\000o\000c\000u\000m\000e\000n\000t\000a\000c\000i\000\363\000n\000\040\000d\000e\000\040\000l\000a\000\040\000a\000p\000p\000\040\000R\000e\000n\000p\000e}{}% 6
\BOOKMARK [1][-]{section.2.1}{\376\377\000M\000o\000d\000e\000l\000o\000s}{chapter.2}% 7
\BOOKMARK [1][-]{section.2.2}{\376\377\000V\000i\000s\000t\000a\000s}{chapter.2}% 8
\BOOKMARK [1][-]{section.2.3}{\376\377\000F\000o\000r\000m\000u\000l\000a\000r\000i\000o\000s}{chapter.2}% 9
\BOOKMARK [0][-]{chapter.3}{\376\377\000D\000o\000c\000u\000m\000e\000n\000t\000a\000c\000i\000\363\000n\000\040\000d\000e\000\040\000l\000a\000\040\000a\000p\000p\000\040\000D\000a\000s\000h\000b\000o\000a\000r\000d}{}% 10
\BOOKMARK [1][-]{section.3.1}{\376\377\000V\000i\000s\000t\000a\000s}{chapter.3}% 11
\BOOKMARK [0][-]{chapter.4}{\376\377\000D\000o\000c\000u\000m\000e\000n\000t\000a\000c\000i\000\363\000n\000\040\000d\000e\000\040\000l\000a\000\040\000a\000p\000p\000\040\000D\000i\000r\000e\000c\000t\000o\000r\000e\000s}{}% 12
\BOOKMARK [1][-]{section.4.1}{\376\377\000V\000i\000s\000t\000a\000s}{chapter.4}% 13
\BOOKMARK [0][-]{chapter.5}{\376\377\000D\000o\000c\000u\000m\000e\000n\000t\000a\000c\000i\000\363\000n\000\040\000d\000e\000\040\000l\000a\000\040\000a\000p\000p\000\040\000E\000s\000t\000a\000b\000l\000e\000c\000i\000m\000i\000e\000n\000t\000o\000s}{}% 14
\BOOKMARK [1][-]{section.5.1}{\376\377\000M\000o\000d\000e\000l\000o\000s}{chapter.5}% 15
\BOOKMARK [1][-]{section.5.2}{\376\377\000V\000i\000s\000t\000a\000s}{chapter.5}% 16
\BOOKMARK [0][-]{chapter.6}{\376\377\000D\000o\000c\000u\000m\000e\000n\000t\000a\000c\000i\000\363\000n\000\040\000d\000e\000\040\000l\000a\000\040\000a\000p\000p\000\040\000L\000e\000c\000t\000o\000c\000o\000m\000p\000r\000e\000n\000s\000i\000\363\000n}{}% 17
\BOOKMARK [1][-]{section.6.1}{\376\377\000V\000i\000s\000t\000a\000s}{chapter.6}% 18
\BOOKMARK [0][-]{chapter.7}{\376\377\000D\000o\000c\000u\000m\000e\000n\000t\000a\000c\000i\000\363\000n\000\040\000d\000e\000\040\000l\000a\000\040\000a\000p\000p\000\040\000L\000o\000g\000i\000n}{}% 19
\BOOKMARK [1][-]{section.7.1}{\376\377\000V\000i\000s\000t\000a\000s}{chapter.7}% 20
\BOOKMARK [0][-]{chapter.8}{\376\377\000D\000o\000c\000u\000m\000e\000n\000t\000a\000c\000i\000\363\000n\000\040\000d\000e\000\040\000l\000a\000\040\000a\000p\000p\000\040\000M\000a\000p\000a\000s}{}% 21
\BOOKMARK [1][-]{section.8.1}{\376\377\000M\000o\000d\000e\000l\000o\000s}{chapter.8}% 22
\BOOKMARK [1][-]{section.8.2}{\376\377\000V\000i\000s\000t\000a\000\040\000M\000a\000p\000a}{chapter.8}% 23
\BOOKMARK [1][-]{section.8.3}{\376\377\000V\000i\000s\000t\000a\000\040\000C\000o\000l\000e\000c\000t\000i\000v\000o\000s}{chapter.8}% 24
\BOOKMARK [1][-]{section.8.4}{\376\377\000V\000i\000s\000t\000a\000\040\000C\000o\000m\000i\000s\000a\000r\000i\000a\000s}{chapter.8}% 25
\BOOKMARK [1][-]{section.8.5}{\376\377\000V\000i\000s\000t\000a\000\040\000C\000e\000n\000t\000r\000o\000s\000\040\000S\000a\000l\000u\000d}{chapter.8}% 26
\BOOKMARK [1][-]{section.8.6}{\376\377\000V\000i\000s\000t\000a\000\040\000C\000u\000e\000r\000a\000d\000i\000o}{chapter.8}% 27
\BOOKMARK [1][-]{section.8.7}{\376\377\000F\000o\000r\000m\000u\000l\000a\000r\000i\000o\000s}{chapter.8}% 28
\BOOKMARK [0][-]{chapter.9}{\376\377\000D\000o\000c\000u\000m\000e\000n\000t\000a\000c\000i\000\363\000n\000\040\000d\000e\000\040\000l\000a\000\040\000a\000p\000p\000\040\000M\000a\000p\000o\000t\000e\000c\000a}{}% 29
\BOOKMARK [1][-]{section.9.1}{\376\377\000M\000o\000d\000e\000l\000o\000s}{chapter.9}% 30
\BOOKMARK [1][-]{section.9.2}{\376\377\000V\000i\000s\000t\000a\000s}{chapter.9}% 31
\BOOKMARK [0][-]{chapter.10}{\376\377\000D\000o\000c\000u\000m\000e\000n\000t\000a\000c\000i\000\363\000n\000\040\000d\000e\000\040\000l\000a\000\040\000a\000p\000p\000\040\000N\000o\000r\000m\000a\000t\000i\000v\000a}{}% 32
\BOOKMARK [1][-]{section.10.1}{\376\377\000M\000o\000d\000e\000l\000o\000s}{chapter.10}% 33
\BOOKMARK [1][-]{section.10.2}{\376\377\000V\000i\000s\000t\000a\000s}{chapter.10}% 34
\BOOKMARK [0][-]{chapter.11}{\376\377\000D\000o\000c\000u\000m\000e\000n\000t\000a\000c\000i\000\363\000n\000\040\000d\000e\000\040\000l\000a\000\040\000a\000p\000p\000\040\000M\000a\000p\000a\000s}{}% 35
\BOOKMARK [1][-]{section.11.1}{\376\377\000M\000o\000d\000e\000l\000o\000s}{chapter.11}% 36
\BOOKMARK [1][-]{section.11.2}{\376\377\000V\000i\000s\000t\000a\000s}{chapter.11}% 37
\BOOKMARK [1][-]{section.11.3}{\376\377\000F\000o\000r\000m\000u\000l\000a\000r\000i\000o\000s}{chapter.11}% 38
\BOOKMARK [0][-]{chapter.12}{\376\377\000D\000o\000c\000u\000m\000e\000n\000t\000a\000c\000i\000\363\000n\000\040\000d\000e\000\040\000l\000a\000\040\000a\000p\000p\000\040\000R\000e\000p\000o\000r\000t\000e\000s}{}% 39
\BOOKMARK [1][-]{section.12.1}{\376\377\000M\000o\000d\000e\000l\000o\000s}{chapter.12}% 40
\BOOKMARK [1][-]{section.12.2}{\376\377\000V\000i\000s\000t\000a\000s}{chapter.12}% 41
\BOOKMARK [0][-]{chapter.13}{\376\377\000D\000o\000c\000u\000m\000e\000n\000t\000a\000c\000i\000\363\000n\000\040\000d\000e\000\040\000l\000a\000\040\000a\000p\000p\000\040\000S\000u\000p\000e\000r\000v\000i\000s\000o\000r\000e\000s}{}% 42
\BOOKMARK [1][-]{section.13.1}{\376\377\000M\000o\000d\000e\000l\000o\000s}{chapter.13}% 43
\BOOKMARK [1][-]{section.13.2}{\376\377\000V\000i\000s\000t\000a\000s}{chapter.13}% 44
\BOOKMARK [1][-]{section.13.3}{\376\377\000F\000o\000r\000m\000u\000l\000a\000r\000i\000o\000s}{chapter.13}% 45
\BOOKMARK [0][-]{chapter.14}{\376\377\000D\000o\000c\000u\000m\000e\000n\000t\000a\000c\000i\000\363\000n\000\040\000d\000e\000\040\000l\000a\000\040\000a\000p\000p\000\040\000U\000s\000u\000a\000r\000i\000o\000s}{}% 46
\BOOKMARK [1][-]{section.14.1}{\376\377\000M\000o\000d\000e\000l\000o\000s}{chapter.14}% 47
\BOOKMARK [1][-]{section.14.2}{\376\377\000V\000i\000s\000t\000a\000s}{chapter.14}% 48
\BOOKMARK [1][-]{section.14.3}{\376\377\000F\000o\000r\000m\000u\000l\000a\000r\000i\000o\000s}{chapter.14}% 49
\BOOKMARK [1][-]{section.14.4}{\376\377\000B\000a\000c\000k\000e\000n\000d\000s}{chapter.14}% 50
\BOOKMARK [1][-]{section.14.5}{\376\377\000M\000i\000x\000i\000n\000s}{chapter.14}% 51
\BOOKMARK [0][-]{chapter.15}{\376\377\000D\000o\000c\000u\000m\000e\000n\000t\000a\000c\000i\000\363\000n\000\040\000d\000e\000\040\000l\000a\000\040\000a\000p\000p\000\040\000V\000i\000d\000e\000o\000t\000e\000c\000a}{}% 52
\BOOKMARK [1][-]{section.15.1}{\376\377\000V\000i\000s\000t\000a\000s}{chapter.15}% 53
